--
-- YB Bitmap Scans (bitmap index scans + YB bitmap table scans)
--
SET yb_explain_hide_non_deterministic_fields = true;
--
-- -- test disabling bitmap scans --
-- for each combination of yb_enable_bitmapscan and enable_bitmapscan, try
--  1. a case where the planner chooses bitmap scans
--  2. a case where we tell the planner to use bitmap scans
--  3. a case where the alternative option (seq scan) is disabled
--
CREATE TABLE test_disable(a int, b int);
CREATE INDEX ON test_disable(a ASC);
CREATE INDEX ON test_disable(b ASC);
SET yb_enable_bitmapscan = true;
SET enable_bitmapscan = true;
EXPLAIN (COSTS OFF) SELECT * FROM test_disable WHERE a < 5 OR b < 5;
                     QUERY PLAN
-----------------------------------------------------
 YB Bitmap Table Scan on test_disable
   ->  BitmapOr
         ->  Bitmap Index Scan on test_disable_a_idx
               Index Cond: (a < 5)
         ->  Bitmap Index Scan on test_disable_b_idx
               Index Cond: (b < 5)
(6 rows)

/*+ BitmapScan(test_disable) */
EXPLAIN (COSTS OFF) SELECT * FROM test_disable WHERE a < 5 OR b < 5;
                     QUERY PLAN
-----------------------------------------------------
 YB Bitmap Table Scan on test_disable
   ->  BitmapOr
         ->  Bitmap Index Scan on test_disable_a_idx
               Index Cond: (a < 5)
         ->  Bitmap Index Scan on test_disable_b_idx
               Index Cond: (b < 5)
(6 rows)

/*+ Set(enable_seqscan false) */
EXPLAIN (COSTS OFF) SELECT * FROM test_disable WHERE a < 5 OR b < 5;
                     QUERY PLAN
-----------------------------------------------------
 YB Bitmap Table Scan on test_disable
   ->  BitmapOr
         ->  Bitmap Index Scan on test_disable_a_idx
               Index Cond: (a < 5)
         ->  Bitmap Index Scan on test_disable_b_idx
               Index Cond: (b < 5)
(6 rows)

SET yb_enable_bitmapscan = true;
SET enable_bitmapscan = false;
EXPLAIN (COSTS OFF) SELECT * FROM test_disable WHERE a < 5 OR b < 5;
               QUERY PLAN
----------------------------------------
 Seq Scan on test_disable
   Storage Filter: ((a < 5) OR (b < 5))
(2 rows)

/*+ BitmapScan(test_disable) */
EXPLAIN (COSTS OFF) SELECT * FROM test_disable WHERE a < 5 OR b < 5;
                     QUERY PLAN
-----------------------------------------------------
 YB Bitmap Table Scan on test_disable
   ->  BitmapOr
         ->  Bitmap Index Scan on test_disable_a_idx
               Index Cond: (a < 5)
         ->  Bitmap Index Scan on test_disable_b_idx
               Index Cond: (b < 5)
(6 rows)

/*+ Set(enable_seqscan false) */
EXPLAIN (COSTS OFF) SELECT * FROM test_disable WHERE a < 5 OR b < 5;
                     QUERY PLAN
-----------------------------------------------------
 YB Bitmap Table Scan on test_disable
   ->  BitmapOr
         ->  Bitmap Index Scan on test_disable_a_idx
               Index Cond: (a < 5)
         ->  Bitmap Index Scan on test_disable_b_idx
               Index Cond: (b < 5)
(6 rows)

SET yb_enable_bitmapscan = false;
SET enable_bitmapscan = true;
EXPLAIN (COSTS OFF) SELECT * FROM test_disable WHERE a < 5 OR b < 5;
               QUERY PLAN
----------------------------------------
 Seq Scan on test_disable
   Storage Filter: ((a < 5) OR (b < 5))
(2 rows)

/*+ BitmapScan(test_disable) */
EXPLAIN (COSTS OFF) SELECT * FROM test_disable WHERE a < 5 OR b < 5;
               QUERY PLAN
----------------------------------------
 Seq Scan on test_disable
   Storage Filter: ((a < 5) OR (b < 5))
(2 rows)

/*+ Set(enable_seqscan false) */
EXPLAIN (COSTS OFF) SELECT * FROM test_disable WHERE a < 5 OR b < 5;
               QUERY PLAN
----------------------------------------
 Seq Scan on test_disable
   Storage Filter: ((a < 5) OR (b < 5))
(2 rows)

SET yb_enable_bitmapscan = false;
SET enable_bitmapscan = false;
EXPLAIN (COSTS OFF) SELECT * FROM test_disable WHERE a < 5 OR b < 5;
               QUERY PLAN
----------------------------------------
 Seq Scan on test_disable
   Storage Filter: ((a < 5) OR (b < 5))
(2 rows)

/*+ BitmapScan(test_disable) */
EXPLAIN (COSTS OFF) SELECT * FROM test_disable WHERE a < 5 OR b < 5;
               QUERY PLAN
----------------------------------------
 Seq Scan on test_disable
   Storage Filter: ((a < 5) OR (b < 5))
(2 rows)

/*+ Set(enable_seqscan false) */
EXPLAIN (COSTS OFF) SELECT * FROM test_disable WHERE a < 5 OR b < 5;
               QUERY PLAN
----------------------------------------
 Seq Scan on test_disable
   Storage Filter: ((a < 5) OR (b < 5))
(2 rows)

SET yb_enable_bitmapscan = true;
SET enable_bitmapscan = true;
CREATE TABLE simple (k INT PRIMARY KEY, ind_a INT, ind_b INT);
INSERT INTO simple SELECT i, i * 2, i * 3 FROM generate_series(1, 10) i;
CREATE INDEX ON simple(ind_a ASC);
CREATE INDEX ON simple(ind_b ASC);
/*+ BitmapScan(simple) */ EXPLAIN (ANALYZE, COSTS OFF, SUMMARY OFF)
SELECT * FROM simple WHERE k = 1;
                           QUERY PLAN
----------------------------------------------------------------
 YB Bitmap Table Scan on simple (actual rows=1 loops=1)
   ->  Bitmap Index Scan on simple_pkey (actual rows=1 loops=1)
         Index Cond: (k = 1)
(3 rows)

/*+ BitmapScan(simple) */
SELECT * FROM simple WHERE k = 1;
 k | ind_a | ind_b
---+-------+-------
 1 |     2 |     3
(1 row)

/*+ BitmapScan(simple) */ EXPLAIN (ANALYZE, COSTS OFF, SUMMARY OFF)
SELECT * FROM simple WHERE ind_a < 5 ORDER BY k;
                                QUERY PLAN
---------------------------------------------------------------------------
 Sort (actual rows=2 loops=1)
   Sort Key: k
   Sort Method: quicksort
   ->  YB Bitmap Table Scan on simple (actual rows=2 loops=1)
         ->  Bitmap Index Scan on simple_ind_a_idx (actual rows=2 loops=1)
               Index Cond: (ind_a < 5)
(6 rows)

/*+ BitmapScan(simple) */
SELECT * FROM simple WHERE ind_a < 5 ORDER BY k;
 k | ind_a | ind_b
---+-------+-------
 1 |     2 |     3
 2 |     4 |     6
(2 rows)

/*+ BitmapScan(simple) */ EXPLAIN (ANALYZE, COSTS OFF, SUMMARY OFF)
SELECT * FROM simple WHERE ind_a BETWEEN 2 AND 6 OR ind_b > 25 ORDER BY k;
                                   QUERY PLAN
---------------------------------------------------------------------------------
 Sort (actual rows=5 loops=1)
   Sort Key: k
   Sort Method: quicksort
   ->  YB Bitmap Table Scan on simple (actual rows=5 loops=1)
         ->  BitmapOr (actual rows=5 loops=1)
               ->  Bitmap Index Scan on simple_ind_a_idx (actual rows=3 loops=1)
                     Index Cond: ((ind_a >= 2) AND (ind_a <= 6))
               ->  Bitmap Index Scan on simple_ind_b_idx (actual rows=2 loops=1)
                     Index Cond: (ind_b > 25)
(9 rows)

/*+ BitmapScan(simple) */
SELECT * FROM simple WHERE ind_a BETWEEN 2 AND 6 OR ind_b > 25 ORDER BY k;
 k  | ind_a | ind_b
----+-------+-------
  1 |     2 |     3
  2 |     4 |     6
  3 |     6 |     9
  9 |    18 |    27
 10 |    20 |    30
(5 rows)

--
-- test UPDATE
--
-- use Bitmap Scan to update some rows
/*+ BitmapScan(simple) */ EXPLAIN (ANALYZE, COSTS OFF, SUMMARY OFF)
UPDATE simple SET ind_a = NULL WHERE ind_a < 10 OR ind_b > 25;
                                   QUERY PLAN
---------------------------------------------------------------------------------
 Update on simple (actual rows=0 loops=1)
   ->  YB Bitmap Table Scan on simple (actual rows=6 loops=1)
         ->  BitmapOr (actual rows=6 loops=1)
               ->  Bitmap Index Scan on simple_ind_a_idx (actual rows=4 loops=1)
                     Index Cond: (ind_a < 10)
               ->  Bitmap Index Scan on simple_ind_b_idx (actual rows=2 loops=1)
                     Index Cond: (ind_b > 25)
(7 rows)

/*+ BitmapScan(simple) */ EXPLAIN (ANALYZE, COSTS OFF, SUMMARY OFF)
SELECT ind_a, ind_b FROM simple WHERE ind_a < 10 OR ind_a IS NULL OR ind_b < 15 ORDER BY k;
                                   QUERY PLAN
---------------------------------------------------------------------------------
 Sort (actual rows=6 loops=1)
   Sort Key: k
   Sort Method: quicksort
   ->  YB Bitmap Table Scan on simple (actual rows=6 loops=1)
         ->  BitmapOr (actual rows=6 loops=1)
               ->  Bitmap Index Scan on simple_ind_a_idx (actual rows=0 loops=1)
                     Index Cond: (ind_a < 10)
               ->  Bitmap Index Scan on simple_ind_a_idx (actual rows=6 loops=1)
                     Index Cond: (ind_a IS NULL)
               ->  Bitmap Index Scan on simple_ind_b_idx (actual rows=4 loops=1)
                     Index Cond: (ind_b < 15)
(11 rows)

/*+ BitmapScan(simple) */
SELECT ind_a, ind_b FROM simple WHERE ind_a < 10 OR ind_a IS NULL OR ind_b < 15 ORDER BY k;
 ind_a | ind_b
-------+-------
       |     3
       |     6
       |     9
       |    12
       |    27
       |    30
(6 rows)

SET yb_pushdown_is_not_null = false;
/*+ BitmapScan(simple) */ EXPLAIN (ANALYZE, COSTS OFF, SUMMARY OFF)
SELECT ind_a, ind_b FROM simple WHERE ind_a < 10 OR ind_a IS NULL OR ind_b < 15 ORDER BY k;
                                   QUERY PLAN
---------------------------------------------------------------------------------
 Sort (actual rows=6 loops=1)
   Sort Key: k
   Sort Method: quicksort
   ->  YB Bitmap Table Scan on simple (actual rows=6 loops=1)
         Storage Recheck Cond: ((ind_a < 10) OR (ind_a IS NULL) OR (ind_b < 15))
         ->  BitmapOr (actual rows=6 loops=1)
               ->  Bitmap Index Scan on simple_ind_a_idx (actual rows=0 loops=1)
                     Index Cond: (ind_a < 10)
               ->  Bitmap Index Scan on simple_ind_a_idx (actual rows=6 loops=1)
                     Index Cond: (ind_a IS NULL)
               ->  Bitmap Index Scan on simple_ind_b_idx (actual rows=4 loops=1)
                     Index Cond: (ind_b < 15)
(12 rows)

/*+ BitmapScan(simple) */
SELECT ind_a, ind_b FROM simple WHERE ind_a < 10 OR ind_a IS NULL OR ind_b < 15 ORDER BY k;
 ind_a | ind_b
-------+-------
       |     3
       |     6
       |     9
       |    12
       |    27
       |    30
(6 rows)

RESET yb_pushdown_is_not_null;
-- use Bitmap Scan to delete rows and validate their deletion
/*+ BitmapScan(simple) */ EXPLAIN (ANALYZE, COSTS OFF, SUMMARY OFF)
DELETE FROM simple WHERE ind_a IS NULL OR ind_b < 15;
                                   QUERY PLAN
---------------------------------------------------------------------------------
 Delete on simple (actual rows=0 loops=1)
   ->  YB Bitmap Table Scan on simple (actual rows=6 loops=1)
         ->  BitmapOr (actual rows=6 loops=1)
               ->  Bitmap Index Scan on simple_ind_a_idx (actual rows=6 loops=1)
                     Index Cond: (ind_a IS NULL)
               ->  Bitmap Index Scan on simple_ind_b_idx (actual rows=4 loops=1)
                     Index Cond: (ind_b < 15)
(7 rows)

/*+ BitmapScan(simple) */ EXPLAIN (ANALYZE, COSTS OFF, SUMMARY OFF)
SELECT ind_a, ind_b FROM simple WHERE ind_a IS NULL OR ind_b < 15 ORDER BY k;
                                   QUERY PLAN
---------------------------------------------------------------------------------
 Sort (actual rows=0 loops=1)
   Sort Key: k
   Sort Method: quicksort
   ->  YB Bitmap Table Scan on simple (actual rows=0 loops=1)
         ->  BitmapOr (actual rows=0 loops=1)
               ->  Bitmap Index Scan on simple_ind_a_idx (actual rows=0 loops=1)
                     Index Cond: (ind_a IS NULL)
               ->  Bitmap Index Scan on simple_ind_b_idx (actual rows=0 loops=1)
                     Index Cond: (ind_b < 15)
(9 rows)

/*+ BitmapScan(simple) */
SELECT ind_a, ind_b FROM simple WHERE ind_a IS NULL OR ind_b < 15 ORDER BY k;
 ind_a | ind_b
-------+-------
(0 rows)

--
-- test cases where we could skip fetching the table rows (TODO: #22044)
--
CREATE TABLE test_skip (a INT PRIMARY KEY, b INT);
CREATE INDEX ON test_skip(b ASC);
INSERT INTO test_skip SELECT i, i FROM generate_series(1, 10) i;
-- this query does not need a recheck, so we don't need to fetch the rows for the COUNT(*)
/*+ BitmapScan(test_skip) */ EXPLAIN (ANALYZE, DIST, COSTS OFF, SUMMARY OFF)
SELECT COUNT(*) FROM test_skip WHERE a = 1 OR b < 10;
                                   QUERY PLAN
--------------------------------------------------------------------------------
 Aggregate (actual rows=1 loops=1)
   ->  YB Bitmap Table Scan on test_skip (actual rows=9 loops=1)
         Storage Table Read Requests: 1
         Storage Table Rows Scanned: 9
         ->  BitmapOr (actual rows=9 loops=1)
               ->  Bitmap Index Scan on test_skip_pkey (actual rows=1 loops=1)
                     Index Cond: (a = 1)
                     Storage Table Read Requests: 1
                     Storage Table Rows Scanned: 1
               ->  Bitmap Index Scan on test_skip_b_idx (actual rows=9 loops=1)
                     Index Cond: (b < 10)
                     Storage Index Read Requests: 1
                     Storage Index Rows Scanned: 9
(13 rows)

/*+ BitmapScan(test_skip) */
SELECT COUNT(*) FROM test_skip WHERE a = 1 OR b < 10;
 count
-------
     9
(1 row)

-- when we require the rows, notice that the YB Bitmap Table Scan sends a table read request
/*+ BitmapScan(test_skip) */ EXPLAIN (ANALYZE, DIST, COSTS OFF, SUMMARY OFF)
SELECT * FROM test_skip WHERE a = 1 OR b < 10;
                                QUERY PLAN
--------------------------------------------------------------------------
 YB Bitmap Table Scan on test_skip (actual rows=9 loops=1)
   Storage Table Read Requests: 1
   Storage Table Rows Scanned: 9
   ->  BitmapOr (actual rows=9 loops=1)
         ->  Bitmap Index Scan on test_skip_pkey (actual rows=1 loops=1)
               Index Cond: (a = 1)
               Storage Table Read Requests: 1
               Storage Table Rows Scanned: 1
         ->  Bitmap Index Scan on test_skip_b_idx (actual rows=9 loops=1)
               Index Cond: (b < 10)
               Storage Index Read Requests: 1
               Storage Index Rows Scanned: 9
(12 rows)

-- this query has a recheck condition, so we need to fetch the rows
/*+ BitmapScan(test_skip) Set(yb_enable_expression_pushdown false) */ EXPLAIN (ANALYZE, DIST, COSTS OFF, SUMMARY OFF)
SELECT COUNT(*) FROM test_skip WHERE a = 1 OR (b < 10 AND b % 2 = 0);
                                   QUERY PLAN
--------------------------------------------------------------------------------
 Aggregate (actual rows=1 loops=1)
   ->  YB Bitmap Table Scan on test_skip (actual rows=5 loops=1)
         Filter: ((a = 1) OR ((b < 10) AND ((b % 2) = 0)))
         Rows Removed by Filter: 4
         Storage Table Read Requests: 1
         Storage Table Rows Scanned: 9
         ->  BitmapOr (actual rows=9 loops=1)
               ->  Bitmap Index Scan on test_skip_pkey (actual rows=1 loops=1)
                     Index Cond: (a = 1)
                     Storage Table Read Requests: 1
                     Storage Table Rows Scanned: 1
               ->  Bitmap Index Scan on test_skip_b_idx (actual rows=9 loops=1)
                     Index Cond: (b < 10)
                     Storage Index Read Requests: 1
                     Storage Index Rows Scanned: 9
(15 rows)

/*+ BitmapScan(test_skip) Set(yb_enable_expression_pushdown false) */
SELECT COUNT(*) FROM test_skip WHERE a = 1 OR (b < 10 AND b % 2 = 0);
 count
-------
     5
(1 row)

-- when the expression can be pushed down, we don't need a recheck but we do
-- still need to send the request.
/*+ BitmapScan(test_skip) */ EXPLAIN (ANALYZE, DIST, COSTS OFF, SUMMARY OFF)
SELECT COUNT(*) FROM test_skip WHERE a = 1 OR (b < 10 AND b % 2 = 0);
                                   QUERY PLAN
--------------------------------------------------------------------------------
 Aggregate (actual rows=1 loops=1)
   ->  YB Bitmap Table Scan on test_skip (actual rows=5 loops=1)
         Storage Filter: ((a = 1) OR ((b < 10) AND ((b % 2) = 0)))
         Storage Table Read Requests: 1
         Storage Table Rows Scanned: 5
         ->  BitmapOr (actual rows=5 loops=1)
               ->  Bitmap Index Scan on test_skip_pkey (actual rows=1 loops=1)
                     Index Cond: (a = 1)
                     Storage Table Read Requests: 1
                     Storage Table Rows Scanned: 1
               ->  Bitmap Index Scan on test_skip_b_idx (actual rows=4 loops=1)
                     Index Cond: (b < 10)
                     Storage Index Filter: ((b % 2) = 0)
                     Storage Index Read Requests: 1
                     Storage Index Rows Scanned: 9
(15 rows)

/*+ BitmapScan(test_skip) */
SELECT COUNT(*) FROM test_skip WHERE a = 1 OR (b < 10 AND b % 2 = 0);
 count
-------
     5
(1 row)

-- other aggregates may require the rows
/*+ BitmapScan(test_skip) */ EXPLAIN (ANALYZE, DIST, COSTS OFF, SUMMARY OFF)
SELECT SUM(a) FROM test_skip WHERE a = 1 OR (b < 10 AND b % 2 = 0);
                                   QUERY PLAN
--------------------------------------------------------------------------------
 Aggregate (actual rows=1 loops=1)
   ->  YB Bitmap Table Scan on test_skip (actual rows=5 loops=1)
         Storage Filter: ((a = 1) OR ((b < 10) AND ((b % 2) = 0)))
         Storage Table Read Requests: 1
         Storage Table Rows Scanned: 5
         ->  BitmapOr (actual rows=5 loops=1)
               ->  Bitmap Index Scan on test_skip_pkey (actual rows=1 loops=1)
                     Index Cond: (a = 1)
                     Storage Table Read Requests: 1
                     Storage Table Rows Scanned: 1
               ->  Bitmap Index Scan on test_skip_b_idx (actual rows=4 loops=1)
                     Index Cond: (b < 10)
                     Storage Index Filter: ((b % 2) = 0)
                     Storage Index Read Requests: 1
                     Storage Index Rows Scanned: 9
(15 rows)

/*+ BitmapScan(test_skip) */
SELECT SUM(a) FROM test_skip WHERE a = 1 OR (b < 10 AND b % 2 = 0);
 sum
-----
  21
(1 row)

/*+ BitmapScan(test_skip) */ EXPLAIN (ANALYZE, DIST, COSTS OFF, SUMMARY OFF)
SELECT MAX(a) FROM test_skip WHERE a = 1 OR (b < 10 AND b % 2 = 0);
                                   QUERY PLAN
--------------------------------------------------------------------------------
 Aggregate (actual rows=1 loops=1)
   ->  YB Bitmap Table Scan on test_skip (actual rows=5 loops=1)
         Storage Filter: ((a = 1) OR ((b < 10) AND ((b % 2) = 0)))
         Storage Table Read Requests: 1
         Storage Table Rows Scanned: 5
         ->  BitmapOr (actual rows=5 loops=1)
               ->  Bitmap Index Scan on test_skip_pkey (actual rows=1 loops=1)
                     Index Cond: (a = 1)
                     Storage Table Read Requests: 1
                     Storage Table Rows Scanned: 1
               ->  Bitmap Index Scan on test_skip_b_idx (actual rows=4 loops=1)
                     Index Cond: (b < 10)
                     Storage Index Filter: ((b % 2) = 0)
                     Storage Index Read Requests: 1
                     Storage Index Rows Scanned: 9
(15 rows)

/*+ BitmapScan(test_skip) */
SELECT MAX(a) FROM test_skip WHERE a = 1 OR (b < 10 AND b % 2 = 0);
 max
-----
   8
(1 row)

-- when we don't need the actual value, we can avoid fetching
/*+ BitmapScan(test_skip) */ EXPLAIN (ANALYZE, DIST, COSTS OFF, SUMMARY OFF)
SELECT 1 FROM test_skip WHERE a = 1 OR (b < 10 AND b % 2 = 0);
                                QUERY PLAN
--------------------------------------------------------------------------
 YB Bitmap Table Scan on test_skip (actual rows=5 loops=1)
   Storage Filter: ((a = 1) OR ((b < 10) AND ((b % 2) = 0)))
   Storage Table Read Requests: 1
   Storage Table Rows Scanned: 5
   ->  BitmapOr (actual rows=5 loops=1)
         ->  Bitmap Index Scan on test_skip_pkey (actual rows=1 loops=1)
               Index Cond: (a = 1)
               Storage Table Read Requests: 1
               Storage Table Rows Scanned: 1
         ->  Bitmap Index Scan on test_skip_b_idx (actual rows=4 loops=1)
               Index Cond: (b < 10)
               Storage Index Filter: ((b % 2) = 0)
               Storage Index Read Requests: 1
               Storage Index Rows Scanned: 9
(14 rows)

/*+ BitmapScan(test_skip) */
SELECT 1 FROM test_skip WHERE a = 1 OR (b < 10 AND b % 2 = 0);
 ?column?
----------
        1
        1
        1
        1
        1
(5 rows)

/*+ BitmapScan(test_skip) */ EXPLAIN (ANALYZE, DIST, COSTS OFF, SUMMARY OFF)
SELECT random() FROM test_skip WHERE a = 1 OR (b < 10 AND b % 2 = 0);
                                QUERY PLAN
--------------------------------------------------------------------------
 YB Bitmap Table Scan on test_skip (actual rows=5 loops=1)
   Storage Filter: ((a = 1) OR ((b < 10) AND ((b % 2) = 0)))
   Storage Table Read Requests: 1
   Storage Table Rows Scanned: 5
   ->  BitmapOr (actual rows=5 loops=1)
         ->  Bitmap Index Scan on test_skip_pkey (actual rows=1 loops=1)
               Index Cond: (a = 1)
               Storage Table Read Requests: 1
               Storage Table Rows Scanned: 1
         ->  Bitmap Index Scan on test_skip_b_idx (actual rows=4 loops=1)
               Index Cond: (b < 10)
               Storage Index Filter: ((b % 2) = 0)
               Storage Index Read Requests: 1
               Storage Index Rows Scanned: 9
(14 rows)

--
-- test primary key queries
--
CREATE TABLE pk (k INT PRIMARY KEY, a INT);
CREATE INDEX ON pk(a ASC);
INSERT INTO pk SELECT i, i FROM generate_series(1, 1000) i;
/*+ BitmapScan(pk) */ EXPLAIN (ANALYZE, DIST, COSTS OFF)
SELECT * FROM pk WHERE k = 123 OR a = 123;
                            QUERY PLAN
-------------------------------------------------------------------
 YB Bitmap Table Scan on pk (actual rows=1 loops=1)
   Storage Table Read Requests: 1
   Storage Table Rows Scanned: 1
   ->  BitmapOr (actual rows=1 loops=1)
         ->  Bitmap Index Scan on pk_pkey (actual rows=1 loops=1)
               Index Cond: (k = 123)
               Storage Table Read Requests: 1
               Storage Table Rows Scanned: 1
         ->  Bitmap Index Scan on pk_a_idx (actual rows=1 loops=1)
               Index Cond: (a = 123)
               Storage Index Read Requests: 1
               Storage Index Rows Scanned: 1
 Storage Read Requests: 3
 Storage Rows Scanned: 3
 Storage Write Requests: 0
 Storage Flush Requests: 0
(16 rows)

/*+ BitmapScan(pk) */
SELECT * FROM pk WHERE k = 123 OR a = 123;
  k  |  a
-----+-----
 123 | 123
(1 row)

/*+ BitmapScan(pk) */ EXPLAIN (ANALYZE, DIST, COSTS OFF)
SELECT * FROM pk WHERE k IN (123, 124) OR a IN (122, 123) ORDER BY k;
                               QUERY PLAN
-------------------------------------------------------------------------
 Sort (actual rows=3 loops=1)
   Sort Key: k
   Sort Method: quicksort
   ->  YB Bitmap Table Scan on pk (actual rows=3 loops=1)
         Storage Table Read Requests: 1
         Storage Table Rows Scanned: 3
         ->  BitmapOr (actual rows=3 loops=1)
               ->  Bitmap Index Scan on pk_pkey (actual rows=2 loops=1)
                     Index Cond: (k = ANY ('{123,124}'::integer[]))
                     Storage Table Read Requests: 1
                     Storage Table Rows Scanned: 2
               ->  Bitmap Index Scan on pk_a_idx (actual rows=2 loops=1)
                     Index Cond: (a = ANY ('{122,123}'::integer[]))
                     Storage Index Read Requests: 1
                     Storage Index Rows Scanned: 2
 Storage Read Requests: 3
 Storage Rows Scanned: 7
 Storage Write Requests: 0
 Storage Flush Requests: 0
(19 rows)

/*+ BitmapScan(pk) */
SELECT * FROM pk WHERE k IN (123, 124) OR a IN (122, 123) ORDER BY k;
  k  |  a
-----+-----
 122 | 122
 123 | 123
 124 | 124
(3 rows)

/*+ BitmapScan(pk) */ EXPLAIN (ANALYZE, DIST, COSTS OFF)
SELECT * FROM pk WHERE k = 123 OR k = 124 OR a = 122 OR a = 123 ORDER BY k;
                               QUERY PLAN
-------------------------------------------------------------------------
 Sort (actual rows=3 loops=1)
   Sort Key: k
   Sort Method: quicksort
   ->  YB Bitmap Table Scan on pk (actual rows=3 loops=1)
         Storage Table Read Requests: 1
         Storage Table Rows Scanned: 3
         ->  BitmapOr (actual rows=3 loops=1)
               ->  Bitmap Index Scan on pk_pkey (actual rows=1 loops=1)
                     Index Cond: (k = 123)
                     Storage Table Read Requests: 1
                     Storage Table Rows Scanned: 1
               ->  Bitmap Index Scan on pk_pkey (actual rows=1 loops=1)
                     Index Cond: (k = 124)
                     Storage Table Read Requests: 1
                     Storage Table Rows Scanned: 1
               ->  Bitmap Index Scan on pk_a_idx (actual rows=1 loops=1)
                     Index Cond: (a = 122)
                     Storage Index Read Requests: 1
                     Storage Index Rows Scanned: 1
               ->  Bitmap Index Scan on pk_a_idx (actual rows=1 loops=1)
                     Index Cond: (a = 123)
                     Storage Index Read Requests: 1
                     Storage Index Rows Scanned: 1
 Storage Read Requests: 5
 Storage Rows Scanned: 7
 Storage Write Requests: 0
 Storage Flush Requests: 0
(27 rows)

/*+ BitmapScan(pk) */
SELECT * FROM pk WHERE k = 123 OR k = 124 OR a = 122 OR a = 123 ORDER BY k;
  k  |  a
-----+-----
 122 | 122
 123 | 123
 124 | 124
(3 rows)

-- test non-existent results
/*+ BitmapScan(pk) */ EXPLAIN (ANALYZE, DIST, COSTS OFF)
SELECT COUNT(*) FROM pk WHERE k = 2000 OR a < 0;
                               QUERY PLAN
-------------------------------------------------------------------------
 Aggregate (actual rows=1 loops=1)
   ->  YB Bitmap Table Scan on pk (actual rows=0 loops=1)
         ->  BitmapOr (actual rows=0 loops=1)
               ->  Bitmap Index Scan on pk_pkey (actual rows=0 loops=1)
                     Index Cond: (k = 2000)
                     Storage Table Read Requests: 1
               ->  Bitmap Index Scan on pk_a_idx (actual rows=0 loops=1)
                     Index Cond: (a < 0)
                     Storage Index Read Requests: 1
 Storage Read Requests: 2
 Storage Rows Scanned: 0
 Storage Write Requests: 0
 Storage Flush Requests: 0
(13 rows)

/*+ BitmapScan(pk) */
SELECT COUNT(*) FROM pk WHERE k = 2000 OR a < 0;
 count
-------
     0
(1 row)

--
-- test system catalog queries (they are colocated)
--
/*+ BitmapScan(pg_authid) */ EXPLAIN (ANALYZE, COSTS OFF)
SELECT * FROM pg_authid WHERE rolname LIKE 'pg_%' OR rolname LIKE 'yb_%' ORDER BY rolname;
                                             QUERY PLAN
----------------------------------------------------------------------------------------------------
 Sort (actual rows=11 loops=1)
   Sort Key: rolname
   Sort Method: quicksort
   ->  YB Bitmap Table Scan on pg_authid (actual rows=11 loops=1)
         Storage Filter: ((rolname ~~ 'pg_%'::text) OR (rolname ~~ 'yb_%'::text))
         ->  BitmapOr (actual rows=11 loops=1)
               ->  Bitmap Index Scan on pg_authid_rolname_index (actual rows=8 loops=1)
                     Index Cond: ((rolname >= 'pg'::name) AND (rolname < 'ph'::name))
                     Storage Index Filter: ((rolname ~~ 'pg_%'::text) OR (rolname ~~ 'yb_%'::text))
               ->  Bitmap Index Scan on pg_authid_rolname_index (actual rows=3 loops=1)
                     Index Cond: ((rolname >= 'yb'::name) AND (rolname < 'yc'::name))
                     Storage Index Filter: ((rolname ~~ 'pg_%'::text) OR (rolname ~~ 'yb_%'::text))
(12 rows)

/*+ BitmapScan(pg_authid) */
SELECT * FROM pg_authid WHERE rolname LIKE 'pg_%' OR rolname LIKE 'yb_%' ORDER BY rolname;
          rolname          | rolsuper | rolinherit | rolcreaterole | rolcreatedb | rolcanlogin | rolreplication | rolbypassrls | rolconnlimit | rolpassword | rolvaliduntil
---------------------------+----------+------------+---------------+-------------+-------------+----------------+--------------+--------------+-------------+---------------
 pg_execute_server_program | f        | t          | f             | f           | f           | f              | f            |           -1 |             |
 pg_monitor                | f        | t          | f             | f           | f           | f              | f            |           -1 |             |
 pg_read_all_settings      | f        | t          | f             | f           | f           | f              | f            |           -1 |             |
 pg_read_all_stats         | f        | t          | f             | f           | f           | f              | f            |           -1 |             |
 pg_read_server_files      | f        | t          | f             | f           | f           | f              | f            |           -1 |             |
 pg_signal_backend         | f        | t          | f             | f           | f           | f              | f            |           -1 |             |
 pg_stat_scan_tables       | f        | t          | f             | f           | f           | f              | f            |           -1 |             |
 pg_write_server_files     | f        | t          | f             | f           | f           | f              | f            |           -1 |             |
 yb_db_admin               | f        | f          | f             | f           | f           | f              | f            |           -1 |             |
 yb_extension              | f        | t          | f             | f           | f           | f              | f            |           -1 |             |
 yb_fdw                    | f        | t          | f             | f           | f           | f              | f            |           -1 |             |
(11 rows)

/*+ BitmapScan(pg_roles) */ EXPLAIN (ANALYZE, COSTS OFF) SELECT spcname FROM pg_tablespace WHERE spcowner NOT IN (
    SELECT oid FROM pg_roles WHERE rolname = 'postgres' OR rolname LIKE 'pg_%' OR rolname LIKE 'yb_%');
                                                              QUERY PLAN
--------------------------------------------------------------------------------------------------------------------------------------
 Seq Scan on pg_tablespace (actual rows=0 loops=1)
   Filter: (NOT (hashed SubPlan 1))
   Rows Removed by Filter: 2
   SubPlan 1
     ->  YB Bitmap Table Scan on pg_authid (actual rows=12 loops=1)
           Storage Filter: ((rolname = 'postgres'::name) OR (rolname ~~ 'pg_%'::text) OR (rolname ~~ 'yb_%'::text))
           ->  BitmapOr (actual rows=12 loops=1)
                 ->  Bitmap Index Scan on pg_authid_rolname_index (actual rows=1 loops=1)
                       Index Cond: (rolname = 'postgres'::name)
                 ->  Bitmap Index Scan on pg_authid_rolname_index (actual rows=8 loops=1)
                       Index Cond: ((rolname >= 'pg'::name) AND (rolname < 'ph'::name))
                       Storage Index Filter: ((rolname = 'postgres'::name) OR (rolname ~~ 'pg_%'::text) OR (rolname ~~ 'yb_%'::text))
                 ->  Bitmap Index Scan on pg_authid_rolname_index (actual rows=3 loops=1)
                       Index Cond: ((rolname >= 'yb'::name) AND (rolname < 'yc'::name))
                       Storage Index Filter: ((rolname = 'postgres'::name) OR (rolname ~~ 'pg_%'::text) OR (rolname ~~ 'yb_%'::text))
(15 rows)

/*+ BitmapScan(pg_roles) */ SELECT spcname FROM pg_tablespace WHERE spcowner NOT IN (
    SELECT oid FROM pg_roles WHERE rolname = 'postgres' OR rolname LIKE 'pg_%' OR rolname LIKE 'yb_%');
 spcname
---------
(0 rows)

SET yb_enable_expression_pushdown = false;
/*+ BitmapScan(pg_roles) */ EXPLAIN (ANALYZE, COSTS OFF) SELECT spcname FROM pg_tablespace WHERE spcowner NOT IN (
    SELECT oid FROM pg_roles WHERE rolname = 'postgres' OR rolname LIKE 'pg_%' OR rolname LIKE 'yb_%');
                                                 QUERY PLAN
------------------------------------------------------------------------------------------------------------
 Seq Scan on pg_tablespace (actual rows=0 loops=1)
   Filter: (NOT (hashed SubPlan 1))
   Rows Removed by Filter: 2
   SubPlan 1
     ->  YB Bitmap Table Scan on pg_authid (actual rows=12 loops=1)
           Filter: ((rolname = 'postgres'::name) OR (rolname ~~ 'pg_%'::text) OR (rolname ~~ 'yb_%'::text))
           ->  BitmapOr (actual rows=12 loops=1)
                 ->  Bitmap Index Scan on pg_authid_rolname_index (actual rows=1 loops=1)
                       Index Cond: (rolname = 'postgres'::name)
                 ->  Bitmap Index Scan on pg_authid_rolname_index (actual rows=8 loops=1)
                       Index Cond: ((rolname >= 'pg'::name) AND (rolname < 'ph'::name))
                 ->  Bitmap Index Scan on pg_authid_rolname_index (actual rows=3 loops=1)
                       Index Cond: ((rolname >= 'yb'::name) AND (rolname < 'yc'::name))
(13 rows)

/*+ BitmapScan(pg_roles) */ SELECT spcname FROM pg_tablespace WHERE spcowner NOT IN (
    SELECT oid FROM pg_roles WHERE rolname = 'postgres' OR rolname LIKE 'pg_%' OR rolname LIKE 'yb_%');
 spcname
---------
(0 rows)

RESET yb_enable_expression_pushdown;
--
-- test indexes on multiple columns / indexes with additional columns
--
CREATE TABLE multi (a INT, b INT, c INT, h INT, PRIMARY KEY (a ASC, b ASC));
CREATE INDEX ON multi (c ASC) INCLUDE (a);
CREATE INDEX ON multi (h HASH) INCLUDE (a);
CREATE INDEX ON multi (b ASC, c ASC);
INSERT INTO multi SELECT i, i * 2, i * 3, i * 4 FROM generate_series(1, 1000) i;
/*+ BitmapScan(multi) */ EXPLAIN (ANALYZE, DIST, COSTS OFF)
SELECT * FROM multi WHERE a < 2 OR b > 1997 ORDER BY a;
                                QUERY PLAN
---------------------------------------------------------------------------
 Sort (actual rows=3 loops=1)
   Sort Key: a
   Sort Method: quicksort
   ->  YB Bitmap Table Scan on multi (actual rows=3 loops=1)
         Storage Table Read Requests: 1
         Storage Table Rows Scanned: 3
         ->  BitmapOr (actual rows=3 loops=1)
               ->  Bitmap Index Scan on multi_pkey (actual rows=1 loops=1)
                     Index Cond: (a < 2)
                     Storage Table Read Requests: 1
                     Storage Table Rows Scanned: 1
               ->  Bitmap Index Scan on multi_pkey (actual rows=2 loops=1)
                     Index Cond: (b > 1997)
                     Storage Table Read Requests: 1
                     Storage Table Rows Scanned: 2
 Storage Read Requests: 3
 Storage Rows Scanned: 6
 Storage Write Requests: 0
 Storage Flush Requests: 0
(19 rows)

/*+ BitmapScan(multi) */
SELECT * FROM multi WHERE a < 2 OR b > 1997 ORDER BY a;
  a   |  b   |  c   |  h
------+------+------+------
    1 |    2 |    3 |    4
  999 | 1998 | 2997 | 3996
 1000 | 2000 | 3000 | 4000
(3 rows)

/*+ BitmapScan(multi) */ EXPLAIN (ANALYZE, DIST, COSTS OFF)
SELECT * FROM multi WHERE c BETWEEN 10 AND 15 AND a < 30 ORDER BY a;
                               QUERY PLAN
------------------------------------------------------------------------
 Sort (actual rows=2 loops=1)
   Sort Key: a
   Sort Method: quicksort
   ->  YB Bitmap Table Scan on multi (actual rows=2 loops=1)
         Storage Table Read Requests: 1
         Storage Table Rows Scanned: 2
         ->  Bitmap Index Scan on multi_c_a_idx (actual rows=2 loops=1)
               Index Cond: ((c >= 10) AND (c <= 15))
               Storage Index Filter: (a < 30)
               Storage Index Read Requests: 1
               Storage Index Rows Scanned: 2
 Storage Read Requests: 2
 Storage Rows Scanned: 4
 Storage Write Requests: 0
 Storage Flush Requests: 0
(15 rows)

/*+ BitmapScan(multi) */
SELECT * FROM multi WHERE c BETWEEN 10 AND 15 AND a < 30 ORDER BY a;
 a | b  | c  | h
---+----+----+----
 4 |  8 | 12 | 16
 5 | 10 | 15 | 20
(2 rows)

/*+ BitmapScan(multi) */ EXPLAIN (ANALYZE, DIST, COSTS OFF)
SELECT * FROM multi WHERE a < 2 OR b > 1997 OR c BETWEEN 10 AND 15 OR h = 8 ORDER BY a;
                                  QUERY PLAN
------------------------------------------------------------------------------
 Sort (actual rows=6 loops=1)
   Sort Key: a
   Sort Method: quicksort
   ->  YB Bitmap Table Scan on multi (actual rows=6 loops=1)
         Storage Table Read Requests: 1
         Storage Table Rows Scanned: 6
         ->  BitmapOr (actual rows=6 loops=1)
               ->  Bitmap Index Scan on multi_pkey (actual rows=1 loops=1)
                     Index Cond: (a < 2)
                     Storage Table Read Requests: 1
                     Storage Table Rows Scanned: 1
               ->  Bitmap Index Scan on multi_pkey (actual rows=2 loops=1)
                     Index Cond: (b > 1997)
                     Storage Table Read Requests: 1
                     Storage Table Rows Scanned: 2
               ->  Bitmap Index Scan on multi_c_a_idx (actual rows=2 loops=1)
                     Index Cond: ((c >= 10) AND (c <= 15))
                     Storage Index Read Requests: 1
                     Storage Index Rows Scanned: 2
               ->  Bitmap Index Scan on multi_h_a_idx (actual rows=1 loops=1)
                     Index Cond: (h = 8)
                     Storage Index Read Requests: 1
                     Storage Index Rows Scanned: 1
 Storage Read Requests: 5
 Storage Rows Scanned: 12
 Storage Write Requests: 0
 Storage Flush Requests: 0
(27 rows)

/*+ BitmapScan(multi) */
SELECT * FROM multi WHERE a < 2 OR b > 1997 OR c BETWEEN 10 AND 15 OR h = 8  ORDER BY a;
  a   |  b   |  c   |  h
------+------+------+------
    1 |    2 |    3 |    4
    2 |    4 |    6 |    8
    4 |    8 |   12 |   16
    5 |   10 |   15 |   20
  999 | 1998 | 2997 | 3996
 1000 | 2000 | 3000 | 4000
(6 rows)

-- try some slightly complex nested logical operands queries
/*+ BitmapScan(multi) */ EXPLAIN (ANALYZE, COSTS OFF)
SELECT * FROM multi WHERE a < 2 OR (b > 1797 AND (c BETWEEN 2709 AND 2712 OR c = 2997)) ORDER BY a;
                                     QUERY PLAN
------------------------------------------------------------------------------------
 Sort (actual rows=4 loops=1)
   Sort Key: a
   Sort Method: quicksort
   ->  YB Bitmap Table Scan on multi (actual rows=4 loops=1)
         ->  BitmapOr (actual rows=4 loops=1)
               ->  Bitmap Index Scan on multi_pkey (actual rows=1 loops=1)
                     Index Cond: (a < 2)
               ->  BitmapOr (actual rows=3 loops=1)
                     ->  Bitmap Index Scan on multi_b_c_idx (actual rows=2 loops=1)
                           Index Cond: ((b > 1797) AND (c >= 2709) AND (c <= 2712))
                     ->  Bitmap Index Scan on multi_b_c_idx (actual rows=1 loops=1)
                           Index Cond: ((b > 1797) AND (c = 2997))
(12 rows)

/*+ BitmapScan(multi) */
SELECT * FROM multi WHERE a < 2 OR (b > 1797 AND (c BETWEEN 2709 AND 2712 OR c = 2997)) ORDER BY a;
  a  |  b   |  c   |  h
-----+------+------+------
   1 |    2 |    3 |    4
 903 | 1806 | 2709 | 3612
 904 | 1808 | 2712 | 3616
 999 | 1998 | 2997 | 3996
(4 rows)

/*+ BitmapScan(multi) */ EXPLAIN (ANALYZE, COSTS OFF)
SELECT * FROM multi WHERE (a < 3 AND a % 2 = 0) OR (b IN (10, 270, 1800) AND (c < 20 OR c > 2500)) ORDER BY a;
                                                           QUERY PLAN
--------------------------------------------------------------------------------------------------------------------------------
 Sort (actual rows=3 loops=1)
   Sort Key: a
   Sort Method: quicksort
   ->  YB Bitmap Table Scan on multi (actual rows=3 loops=1)
         Storage Filter: (((a < 3) AND ((a % 2) = 0)) OR ((b = ANY ('{10,270,1800}'::integer[])) AND ((c < 20) OR (c > 2500))))
         ->  BitmapOr (actual rows=3 loops=1)
               ->  Bitmap Index Scan on multi_pkey (actual rows=1 loops=1)
                     Index Cond: (a < 3)
                     Storage Index Filter: ((a % 2) = 0)
               ->  BitmapOr (actual rows=2 loops=1)
                     ->  Bitmap Index Scan on multi_b_c_idx (actual rows=1 loops=1)
                           Index Cond: ((b = ANY ('{10,270,1800}'::integer[])) AND (c < 20))
                     ->  Bitmap Index Scan on multi_b_c_idx (actual rows=1 loops=1)
                           Index Cond: ((b = ANY ('{10,270,1800}'::integer[])) AND (c > 2500))
(14 rows)

/*+ BitmapScan(multi) */
SELECT * FROM multi WHERE (a < 3 AND a % 2 = 0) OR (b IN (10, 270, 1800) AND (c < 20 OR c > 2500)) ORDER BY a;
  a  |  b   |  c   |  h
-----+------+------+------
   2 |    4 |    6 |    8
   5 |   10 |   15 |   20
 900 | 1800 | 2700 | 3600
(3 rows)

--
-- test limits
--
CREATE TABLE test_limit (a INT, b INT, c INT);
CREATE INDEX ON test_limit (a ASC);
INSERT INTO test_limit SELECT i, i * 2, i * 3 FROM generate_series(1, 1000) i;
SET yb_fetch_row_limit = 100;
SET yb_fetch_size_limit = 0;
/*+ BitmapScan(test_limit) */ EXPLAIN (ANALYZE, DIST, COSTS OFF)
SELECT * FROM test_limit WHERE a < 200 LIMIT 10;
                                 QUERY PLAN
-----------------------------------------------------------------------------
 Limit (actual rows=10 loops=1)
   ->  YB Bitmap Table Scan on test_limit (actual rows=10 loops=1)
         Storage Table Read Requests: 1
         Storage Table Rows Scanned: 100
         ->  Bitmap Index Scan on test_limit_a_idx (actual rows=199 loops=1)
               Index Cond: (a < 200)
               Storage Index Read Requests: 3
               Storage Index Rows Scanned: 199
 Storage Read Requests: 4
 Storage Rows Scanned: 299
 Storage Write Requests: 0
 Storage Flush Requests: 0
(12 rows)

SET yb_fetch_row_limit = 0;
SET yb_fetch_size_limit = '1kB';
/*+ BitmapScan(test_limit) */ EXPLAIN (ANALYZE, COSTS OFF)
SELECT * FROM test_limit WHERE a < 200 LIMIT 10;
                                 QUERY PLAN
-----------------------------------------------------------------------------
 Limit (actual rows=10 loops=1)
   ->  YB Bitmap Table Scan on test_limit (actual rows=10 loops=1)
         ->  Bitmap Index Scan on test_limit_a_idx (actual rows=199 loops=1)
               Index Cond: (a < 200)
(4 rows)

RESET yb_fetch_row_limit;
RESET yb_fetch_size_limit;
--
-- test remote pushdown
--
/*+ BitmapScan(multi multi_b_c_idx) */ EXPLAIN (ANALYZE, DIST, COSTS OFF)
SELECT * FROM multi WHERE (b < 10 AND b % 4 = 0) ORDER BY b;
                               QUERY PLAN
------------------------------------------------------------------------
 Sort (actual rows=2 loops=1)
   Sort Key: b
   Sort Method: quicksort
   ->  YB Bitmap Table Scan on multi (actual rows=2 loops=1)
         Storage Table Read Requests: 1
         Storage Table Rows Scanned: 2
         ->  Bitmap Index Scan on multi_b_c_idx (actual rows=2 loops=1)
               Index Cond: (b < 10)
               Storage Index Filter: ((b % 4) = 0)
               Storage Index Read Requests: 1
               Storage Index Rows Scanned: 4
 Storage Read Requests: 2
 Storage Rows Scanned: 6
 Storage Write Requests: 0
 Storage Flush Requests: 0
(15 rows)

/*+ BitmapScan(multi multi_b_c_idx) */
SELECT * FROM multi WHERE (b < 10 AND b % 4 = 0) ORDER BY b;
 a | b | c  | h
---+---+----+----
 2 | 4 |  6 |  8
 4 | 8 | 12 | 16
(2 rows)

/*+ BitmapScan(multi multi_b_c_idx) Set(yb_enable_expression_pushdown false) */ EXPLAIN (ANALYZE, DIST, COSTS OFF)
SELECT * FROM multi WHERE (b < 10 AND b % 4 = 0) ORDER BY b;
                               QUERY PLAN
------------------------------------------------------------------------
 Sort (actual rows=2 loops=1)
   Sort Key: b
   Sort Method: quicksort
   ->  YB Bitmap Table Scan on multi (actual rows=2 loops=1)
         Filter: ((b % 4) = 0)
         Rows Removed by Filter: 2
         Storage Table Read Requests: 1
         Storage Table Rows Scanned: 4
         ->  Bitmap Index Scan on multi_b_c_idx (actual rows=4 loops=1)
               Index Cond: (b < 10)
               Storage Index Read Requests: 1
               Storage Index Rows Scanned: 4
 Storage Read Requests: 2
 Storage Rows Scanned: 8
 Storage Write Requests: 0
 Storage Flush Requests: 0
(16 rows)

/*+ BitmapScan(multi multi_b_c_idx) Set(yb_enable_expression_pushdown false) */
SELECT * FROM multi WHERE (b < 10 AND b % 4 = 0) ORDER BY b;
 a | b | c  | h
---+---+----+----
 2 | 4 |  6 |  8
 4 | 8 | 12 | 16
(2 rows)

/*+ BitmapScan(multi) */ EXPLAIN (ANALYZE, DIST, COSTS OFF)
SELECT * FROM multi WHERE (a < 5 AND a % 2 = 0) OR (c <= 10 AND a % 3 = 0) ORDER BY a;
                                                          QUERY PLAN
------------------------------------------------------------------------------------------------------------------------------
 Sort (actual rows=3 loops=1)
   Sort Key: a
   Sort Method: quicksort
   ->  YB Bitmap Table Scan on multi (actual rows=3 loops=1)
         Storage Filter: (((a < 5) AND ((a % 2) = 0)) OR ((c <= 10) AND ((a % 3) = 0)))
         Storage Table Read Requests: 1
         Storage Table Rows Scanned: 3
         ->  BitmapOr (actual rows=3 loops=1)
               ->  Bitmap Index Scan on multi_pkey (actual rows=2 loops=1)
                     Index Cond: (a < 5)
                     Storage Index Filter: ((a % 2) = 0)
                     Storage Table Read Requests: 1
                     Storage Table Rows Scanned: 4
               ->  Bitmap Index Scan on multi_c_a_idx (actual rows=1 loops=1)
                     Index Cond: (c <= 10)
                     Storage Index Filter: (((a % 3) = 0) AND (((a < 5) AND ((a % 2) = 0)) OR ((c <= 10) AND ((a % 3) = 0))))
                     Storage Index Read Requests: 1
                     Storage Index Rows Scanned: 3
 Storage Read Requests: 3
 Storage Rows Scanned: 10
 Storage Write Requests: 0
 Storage Flush Requests: 0
(22 rows)

/*+ BitmapScan(multi) */
SELECT * FROM multi WHERE (a < 5 AND a % 2 = 0) OR (c <= 10 AND a % 3 = 0) ORDER BY a;
 a | b | c  | h
---+---+----+----
 2 | 4 |  6 |  8
 3 | 6 |  9 | 12
 4 | 8 | 12 | 16
(3 rows)

/*+ BitmapScan(multi) Set(yb_enable_expression_pushdown false) */ EXPLAIN (ANALYZE, DIST, COSTS OFF)
SELECT * FROM multi WHERE (a < 5 AND a % 2 = 0) OR (c <= 10 AND a % 3 = 0) ORDER BY a;
                                   QUERY PLAN
--------------------------------------------------------------------------------
 Sort (actual rows=3 loops=1)
   Sort Key: a
   Sort Method: quicksort
   ->  YB Bitmap Table Scan on multi (actual rows=3 loops=1)
         Filter: (((a < 5) AND ((a % 2) = 0)) OR ((c <= 10) AND ((a % 3) = 0)))
         Rows Removed by Filter: 1
         Storage Table Read Requests: 1
         Storage Table Rows Scanned: 4
         ->  BitmapOr (actual rows=4 loops=1)
               ->  Bitmap Index Scan on multi_pkey (actual rows=4 loops=1)
                     Index Cond: (a < 5)
                     Storage Table Read Requests: 1
                     Storage Table Rows Scanned: 4
               ->  Bitmap Index Scan on multi_c_a_idx (actual rows=3 loops=1)
                     Index Cond: (c <= 10)
                     Storage Index Read Requests: 1
                     Storage Index Rows Scanned: 3
 Storage Read Requests: 3
 Storage Rows Scanned: 11
 Storage Write Requests: 0
 Storage Flush Requests: 0
(21 rows)

/*+ BitmapScan(multi) Set(yb_enable_expression_pushdown false) */
SELECT * FROM multi WHERE (a < 5 AND a % 2 = 0) OR (c <= 10 AND a % 3 = 0) ORDER BY a;
 a | b | c  | h
---+---+----+----
 2 | 4 |  6 |  8
 3 | 6 |  9 | 12
 4 | 8 | 12 | 16
(3 rows)

--
-- test unsatisfiable conditions
--
CREATE TABLE test_false (a INT, b INT);
CREATE INDEX ON test_false (a ASC);
CREATE INDEX ON test_false (b ASC);
INSERT INTO test_false VALUES (1, 1), (2, 2);
/*+ BitmapScan(test_false) */ EXPLAIN (ANALYZE, DIST, COSTS OFF) SELECT * FROM test_false WHERE (a <= 1 AND a = 2);
                             QUERY PLAN
---------------------------------------------------------------------
 YB Bitmap Table Scan on test_false (actual rows=0 loops=1)
   Storage Recheck Cond: ((a <= 1) AND (a = 2))
   Storage Table Read Requests: 1
   Storage Table Rows Scanned: 1
   ->  Bitmap Index Scan on test_false_a_idx (actual rows=1 loops=1)
         Index Cond: ((a <= 1) AND (a = 2))
         Storage Index Read Requests: 1
         Storage Index Rows Scanned: 1
 Storage Read Requests: 2
 Storage Rows Scanned: 2
 Storage Write Requests: 0
 Storage Flush Requests: 0
(12 rows)

/*+ BitmapScan(test_false) */ EXPLAIN (ANALYZE, DIST, COSTS OFF) SELECT * FROM test_false WHERE (a = 1 AND a = 2) OR b = 0;
                                QUERY PLAN
---------------------------------------------------------------------------
 YB Bitmap Table Scan on test_false (actual rows=0 loops=1)
   Storage Recheck Cond: (((a = 1) AND (a = 2)) OR (b = 0))
   Storage Table Read Requests: 1
   Storage Table Rows Scanned: 1
   ->  BitmapOr (actual rows=1 loops=1)
         ->  Bitmap Index Scan on test_false_a_idx (actual rows=1 loops=1)
               Index Cond: ((a = 1) AND (a = 2))
               Storage Index Read Requests: 1
               Storage Index Rows Scanned: 1
         ->  Bitmap Index Scan on test_false_b_idx (actual rows=0 loops=1)
               Index Cond: (b = 0)
               Storage Index Read Requests: 1
 Storage Read Requests: 3
 Storage Rows Scanned: 2
 Storage Write Requests: 0
 Storage Flush Requests: 0
(16 rows)

--
-- test recheck index conditions
--
create table recheck_test (col int);
create index on recheck_test (col ASC);
insert into recheck_test select i from generate_series(1, 10) i;
explain (analyze, costs off) /*+ BitmapScan(t) */
SELECT * FROM recheck_test t WHERE t.col < 3 AND t.col IN (5, 6);
                                QUERY PLAN
--------------------------------------------------------------------------
 YB Bitmap Table Scan on recheck_test t (actual rows=0 loops=1)
   Storage Recheck Cond: ((col < 3) AND (col = ANY ('{5,6}'::integer[])))
   ->  Bitmap Index Scan on recheck_test_col_idx (actual rows=2 loops=1)
         Index Cond: ((col < 3) AND (col = ANY ('{5,6}'::integer[])))
(4 rows)

explain (analyze, costs off) /*+ BitmapScan(t) */
SELECT * FROM recheck_test t WHERE t.col IN (5, 6) AND t.col < 3;
                                QUERY PLAN
--------------------------------------------------------------------------
 YB Bitmap Table Scan on recheck_test t (actual rows=0 loops=1)
   Storage Recheck Cond: ((col = ANY ('{5,6}'::integer[])) AND (col < 3))
   ->  Bitmap Index Scan on recheck_test_col_idx (actual rows=2 loops=1)
         Index Cond: ((col = ANY ('{5,6}'::integer[])) AND (col < 3))
(4 rows)

explain (analyze, costs off) /*+ BitmapScan(t) */
SELECT * FROM recheck_test t WHERE t.col < 3 AND t.col = 5;
                               QUERY PLAN
-------------------------------------------------------------------------
 YB Bitmap Table Scan on recheck_test t (actual rows=0 loops=1)
   Storage Recheck Cond: ((col < 3) AND (col = 5))
   ->  Bitmap Index Scan on recheck_test_col_idx (actual rows=1 loops=1)
         Index Cond: ((col < 3) AND (col = 5))
(4 rows)

explain (analyze, costs off) /*+ BitmapScan(t) */
SELECT * FROM recheck_test t WHERE t.col = 5 AND t.col < 3;
                               QUERY PLAN
-------------------------------------------------------------------------
 YB Bitmap Table Scan on recheck_test t (actual rows=0 loops=1)
   Storage Recheck Cond: ((col < 3) AND (col = 5))
   ->  Bitmap Index Scan on recheck_test_col_idx (actual rows=1 loops=1)
         Index Cond: ((col < 3) AND (col = 5))
(4 rows)

--
-- test colocated queries
--
CREATE DATABASE colo WITH colocation = true;
\c colo;
SET yb_explain_hide_non_deterministic_fields = true;
SET enable_bitmapscan = true;
SET yb_enable_bitmapscan = true;
CREATE TABLE pk_colo (k INT PRIMARY KEY, a INT, v varchar);
CREATE INDEX ON pk_colo(a ASC);
CREATE INDEX ON pk_colo(v ASC);
INSERT INTO pk_colo SELECT i, i, i::text FROM generate_series(1, 1000) i;
/*+ BitmapScan(pk_colo) */ EXPLAIN (ANALYZE, DIST, COSTS OFF)
SELECT * FROM pk_colo WHERE k = 123 OR a = 123 OR v = '123';
                               QUERY PLAN
------------------------------------------------------------------------
 YB Bitmap Table Scan on pk_colo (actual rows=1 loops=1)
   Storage Table Read Requests: 1
   Storage Table Rows Scanned: 1
   ->  BitmapOr (actual rows=1 loops=1)
         ->  Bitmap Index Scan on pk_colo_pkey (actual rows=1 loops=1)
               Index Cond: (k = 123)
               Storage Table Read Requests: 1
               Storage Table Rows Scanned: 1
         ->  Bitmap Index Scan on pk_colo_a_idx (actual rows=1 loops=1)
               Index Cond: (a = 123)
               Storage Table Rows Scanned: 1
               Storage Index Read Requests: 1
               Storage Index Rows Scanned: 1
         ->  Bitmap Index Scan on pk_colo_v_idx (actual rows=1 loops=1)
               Index Cond: ((v)::text = '123'::text)
               Storage Table Rows Scanned: 1
               Storage Index Read Requests: 1
               Storage Index Rows Scanned: 1
 Storage Read Requests: 4
 Storage Rows Scanned: 6
 Storage Write Requests: 0
 Storage Flush Requests: 0
(22 rows)

/*+ BitmapScan(pk_colo) */
SELECT * FROM pk_colo WHERE k = 123 OR a = 123 OR v = '123';
  k  |  a  |  v
-----+-----+-----
 123 | 123 | 123
(1 row)

/*+ BitmapScan(pk_colo) */ EXPLAIN (ANALYZE, DIST, COSTS OFF)
SELECT * FROM pk_colo WHERE (k < 10 AND k % 2 = 1) OR (a > 990 AND a % 2 = 1) OR (v LIKE '999%' AND v LIKE '%5') ORDER BY k;
                                                                       QUERY PLAN
--------------------------------------------------------------------------------------------------------------------------------------------------------
 Sort (actual rows=10 loops=1)
   Sort Key: k
   Sort Method: quicksort
   ->  YB Bitmap Table Scan on pk_colo (actual rows=10 loops=1)
         Storage Filter: (((k < 10) AND ((k % 2) = 1)) OR ((a > 990) AND ((a % 2) = 1)) OR (((v)::text ~~ '999%'::text) AND ((v)::text ~~ '%5'::text)))
         Storage Table Read Requests: 1
         Storage Table Rows Scanned: 10
         ->  BitmapOr (actual rows=10 loops=1)
               ->  Bitmap Index Scan on pk_colo_pkey (actual rows=5 loops=1)
                     Index Cond: (k < 10)
                     Storage Index Filter: ((k % 2) = 1)
                     Storage Table Read Requests: 1
                     Storage Table Rows Scanned: 9
               ->  Bitmap Index Scan on pk_colo_a_idx (actual rows=5 loops=1)
                     Index Cond: (a > 990)
                     Storage Index Filter: ((a % 2) = 1)
                     Storage Table Rows Scanned: 10
                     Storage Index Read Requests: 1
                     Storage Index Rows Scanned: 10
               ->  Bitmap Index Scan on pk_colo_v_idx (actual rows=0 loops=1)
                     Index Cond: (((v)::text >= '999'::text) AND ((v)::text < '99:'::text))
                     Storage Index Filter: ((v)::text ~~ '%5'::text)
                     Storage Table Rows Scanned: 1
                     Storage Index Read Requests: 1
                     Storage Index Rows Scanned: 1
 Storage Read Requests: 4
 Storage Rows Scanned: 41
 Storage Write Requests: 0
 Storage Flush Requests: 0
(29 rows)

/*+ BitmapScan(pk_colo) */
SELECT * FROM pk_colo WHERE (k < 10 AND k % 2 = 1) OR (a > 990 AND a % 2 = 1) OR (v LIKE '999%' AND v LIKE '%5') ORDER BY k;
  k  |  a  |  v
-----+-----+-----
   1 |   1 | 1
   3 |   3 | 3
   5 |   5 | 5
   7 |   7 | 7
   9 |   9 | 9
 991 | 991 | 991
 993 | 993 | 993
 995 | 995 | 995
 997 | 997 | 997
 999 | 999 | 999
(10 rows)

/*+ BitmapScan(pk_colo) */ EXPLAIN (ANALYZE, DIST, COSTS OFF)
SELECT * FROM pk_colo WHERE k < 5 OR (a BETWEEN 7 AND 8) OR v < '11' ORDER BY k;
                                  QUERY PLAN
-------------------------------------------------------------------------------
 Sort (actual rows=18 loops=1)
   Sort Key: k
   Sort Method: quicksort
   ->  YB Bitmap Table Scan on pk_colo (actual rows=18 loops=1)
         Storage Table Read Requests: 1
         Storage Table Rows Scanned: 18
         ->  BitmapOr (actual rows=18 loops=1)
               ->  Bitmap Index Scan on pk_colo_pkey (actual rows=4 loops=1)
                     Index Cond: (k < 5)
                     Storage Table Read Requests: 1
                     Storage Table Rows Scanned: 4
               ->  Bitmap Index Scan on pk_colo_a_idx (actual rows=2 loops=1)
                     Index Cond: ((a >= 7) AND (a <= 8))
                     Storage Table Rows Scanned: 2
                     Storage Index Read Requests: 1
                     Storage Index Rows Scanned: 2
               ->  Bitmap Index Scan on pk_colo_v_idx (actual rows=13 loops=1)
                     Index Cond: ((v)::text < '11'::text)
                     Storage Table Rows Scanned: 13
                     Storage Index Read Requests: 1
                     Storage Index Rows Scanned: 13
 Storage Read Requests: 4
 Storage Rows Scanned: 52
 Storage Write Requests: 0
 Storage Flush Requests: 0
(25 rows)

/*+ BitmapScan(pk_colo) */
SELECT * FROM pk_colo WHERE k < 5 OR (a BETWEEN 7 AND 8) OR v < '11' ORDER BY k;
  k   |  a   |  v
------+------+------
    1 |    1 | 1
    2 |    2 | 2
    3 |    3 | 3
    4 |    4 | 4
    7 |    7 | 7
    8 |    8 | 8
   10 |   10 | 10
  100 |  100 | 100
  101 |  101 | 101
  102 |  102 | 102
  103 |  103 | 103
  104 |  104 | 104
  105 |  105 | 105
  106 |  106 | 106
  107 |  107 | 107
  108 |  108 | 108
  109 |  109 | 109
 1000 | 1000 | 1000
(18 rows)

/*+ BitmapScan(pk_colo) */ EXPLAIN (ANALYZE, DIST, COSTS OFF)
SELECT * FROM pk_colo WHERE k IN (123, 124) OR a IN (122, 123) OR v IN ('122', '125') ORDER BY k;
                                  QUERY PLAN
------------------------------------------------------------------------------
 Sort (actual rows=4 loops=1)
   Sort Key: k
   Sort Method: quicksort
   ->  YB Bitmap Table Scan on pk_colo (actual rows=4 loops=1)
         Storage Table Read Requests: 1
         Storage Table Rows Scanned: 4
         ->  BitmapOr (actual rows=4 loops=1)
               ->  Bitmap Index Scan on pk_colo_pkey (actual rows=2 loops=1)
                     Index Cond: (k = ANY ('{123,124}'::integer[]))
                     Storage Table Read Requests: 1
                     Storage Table Rows Scanned: 2
               ->  Bitmap Index Scan on pk_colo_a_idx (actual rows=2 loops=1)
                     Index Cond: (a = ANY ('{122,123}'::integer[]))
                     Storage Table Rows Scanned: 2
                     Storage Index Read Requests: 1
                     Storage Index Rows Scanned: 2
               ->  Bitmap Index Scan on pk_colo_v_idx (actual rows=2 loops=1)
                     Index Cond: ((v)::text = ANY ('{122,125}'::text[]))
                     Storage Table Rows Scanned: 2
                     Storage Index Read Requests: 1
                     Storage Index Rows Scanned: 2
 Storage Read Requests: 4
 Storage Rows Scanned: 14
 Storage Write Requests: 0
 Storage Flush Requests: 0
(25 rows)

/*+ BitmapScan(pk_colo) */
SELECT * FROM pk_colo WHERE k IN (123, 124) OR a IN (122, 123) OR v IN ('122', '125') ORDER BY k;
  k  |  a  |  v
-----+-----+-----
 122 | 122 | 122
 123 | 123 | 123
 124 | 124 | 124
 125 | 125 | 125
(4 rows)

-- test count
/*+ BitmapScan(pk_colo) */ EXPLAIN (ANALYZE, COSTS OFF)
SELECT COUNT(*) FROM pk_colo WHERE k IN (123, 124) OR a IN (122, 123) OR v IN ('122', '125');
                                  QUERY PLAN
------------------------------------------------------------------------------
 Aggregate (actual rows=1 loops=1)
   ->  YB Bitmap Table Scan on pk_colo (actual rows=4 loops=1)
         ->  BitmapOr (actual rows=4 loops=1)
               ->  Bitmap Index Scan on pk_colo_pkey (actual rows=2 loops=1)
                     Index Cond: (k = ANY ('{123,124}'::integer[]))
               ->  Bitmap Index Scan on pk_colo_a_idx (actual rows=2 loops=1)
                     Index Cond: (a = ANY ('{122,123}'::integer[]))
               ->  Bitmap Index Scan on pk_colo_v_idx (actual rows=2 loops=1)
                     Index Cond: ((v)::text = ANY ('{122,125}'::text[]))
(9 rows)

/*+ BitmapScan(pk_colo) */
SELECT COUNT(*) FROM pk_colo WHERE k IN (123, 124) OR a IN (122, 123) OR v IN ('122', '125');
 count
-------
     4
(1 row)

-- test non-existent results
/*+ BitmapScan(pk_colo) */ EXPLAIN (ANALYZE, COSTS OFF)
SELECT COUNT(*) FROM pk_colo WHERE k = 2000 OR a < 0 OR v = 'nonexistent';
                                  QUERY PLAN
------------------------------------------------------------------------------
 Aggregate (actual rows=1 loops=1)
   ->  YB Bitmap Table Scan on pk_colo (actual rows=0 loops=1)
         ->  BitmapOr (actual rows=0 loops=1)
               ->  Bitmap Index Scan on pk_colo_pkey (actual rows=0 loops=1)
                     Index Cond: (k = 2000)
               ->  Bitmap Index Scan on pk_colo_a_idx (actual rows=0 loops=1)
                     Index Cond: (a < 0)
               ->  Bitmap Index Scan on pk_colo_v_idx (actual rows=0 loops=1)
                     Index Cond: ((v)::text = 'nonexistent'::text)
(9 rows)

/*+ BitmapScan(pk_colo) */
SELECT COUNT(*) FROM pk_colo WHERE k = 2000 OR a < 0 OR v = 'nonexistent';
 count
-------
     0
(1 row)

RESET yb_explain_hide_non_deterministic_fields;
RESET enable_bitmapscan;
